<?xml version="1.0" encoding="UTF-8"?>
<testsuite xmlns:xsi="http://www.w3.org/2001/XMLSchema-instance" xsi:noNamespaceSchemaLocation="https://maven.apache.org/surefire/maven-surefire-plugin/xsd/surefire-test-report.xsd" version="3.0.2" name="org.example.messagingservice.MessagingServiceApplicationTests" time="6.177" tests="1" errors="0" skipped="0" failures="0">
  <properties>
[...]
</properties>
  <testcase name="contextLoads" classname="org.example.messagingservice.MessagingServiceApplicationTests" time="1.408">
    <system-out><![CDATA[16:46:30.573 [main] INFO org.springframework.test.context.support.AnnotationConfigContextLoaderUtils -- Could not detect default configuration classes for test class [org.example.messagingservice.MessagingServiceApplicationTests]: MessagingServiceApplicationTests does not declare any static, non-private, non-final, nested classes annotated with @Configuration.
16:46:30.803 [main] INFO org.springframework.boot.test.context.SpringBootTestContextBootstrapper -- Found @SpringBootConfiguration org.example.messagingservice.MessagingServiceApplication for test class org.example.messagingservice.MessagingServiceApplicationTests

  .   ____          _            __ _ _
 /\\ / ___'_ __ _ _(_)_ __  __ _ \ \ \ \
( ( )\___ | '_ | '_| | '_ \/ _` | \ \ \ \
 \\/  ___)| |_)| | | | | || (_| |  ) ) ) )
  '  |____| .__|_| |_|_| |_\__, | / / / /
 =========|_|==============|___/=/_/_/_/

 :: Spring Boot ::                (v3.4.0)

2024-12-29T16:46:32.043+01:00  INFO 10004 --- [messaging-service] [           main] o.e.m.MessagingServiceApplicationTests   : Starting MessagingServiceApplicationTests using Java 17.0.11 with PID 10004 (started by Oussama in C:\Users\Oussama\Downloads\WORK\PROJET_LIBRE\Fork\Projet-de-Gestion-de-Laboratoire\Back-End\messaging-service)
2024-12-29T16:46:32.048+01:00  INFO 10004 --- [messaging-service] [           main] o.e.m.MessagingServiceApplicationTests   : No active profile set, falling back to 1 default profile: "default"
2024-12-29T16:46:34.257+01:00  WARN 10004 --- [messaging-service] [           main] ion$DefaultTemplateResolverConfiguration : Cannot find template location: classpath:/templates/ (please add some templates, check your Thymeleaf configuration, or set spring.thymeleaf.check-template-location=false)
2024-12-29T16:46:34.665+01:00  INFO 10004 --- [messaging-service] [           main] o.a.k.clients.consumer.ConsumerConfig    : ConsumerConfig values: 
	allow.auto.create.topics = true
	auto.commit.interval.ms = 5000
	auto.include.jmx.reporter = true
	auto.offset.reset = earliest
	bootstrap.servers = [localhost:9092]
	check.crcs = true
	client.dns.lookup = use_all_dns_ips
	client.id = consumer-messagerie-group-1
	client.rack = 
	connections.max.idle.ms = 540000
	default.api.timeout.ms = 60000
	enable.auto.commit = false
	enable.metrics.push = true
	exclude.internal.topics = true
	fetch.max.bytes = 52428800
	fetch.max.wait.ms = 500
	fetch.min.bytes = 1
	group.id = messagerie-group
	group.instance.id = null
	group.protocol = classic
	group.remote.assignor = null
	heartbeat.interval.ms = 3000
	interceptor.classes = []
	internal.leave.group.on.close = true
	internal.throw.on.fetch.stable.offset.unsupported = false
	isolation.level = read_uncommitted
	key.deserializer = class org.apache.kafka.common.serialization.StringDeserializer
	max.partition.fetch.bytes = 1048576
	max.poll.interval.ms = 300000
	max.poll.records = 500
	metadata.max.age.ms = 300000
	metadata.recovery.strategy = none
	metric.reporters = []
	metrics.num.samples = 2
	metrics.recording.level = INFO
	metrics.sample.window.ms = 30000
	partition.assignment.strategy = [class org.apache.kafka.clients.consumer.RangeAssignor, class org.apache.kafka.clients.consumer.CooperativeStickyAssignor]
	receive.buffer.bytes = 65536
	reconnect.backoff.max.ms = 1000
	reconnect.backoff.ms = 50
	request.timeout.ms = 30000
	retry.backoff.max.ms = 1000
	retry.backoff.ms = 100
	sasl.client.callback.handler.class = null
	sasl.jaas.config = null
	sasl.kerberos.kinit.cmd = /usr/bin/kinit
	sasl.kerberos.min.time.before.relogin = 60000
	sasl.kerberos.service.name = null
	sasl.kerberos.ticket.renew.jitter = 0.05
	sasl.kerberos.ticket.renew.window.factor = 0.8
	sasl.login.callback.handler.class = null
	sasl.login.class = null
	sasl.login.connect.timeout.ms = null
	sasl.login.read.timeout.ms = null
	sasl.login.refresh.buffer.seconds = 300
	sasl.login.refresh.min.period.seconds = 60
	sasl.login.refresh.window.factor = 0.8
	sasl.login.refresh.window.jitter = 0.05
	sasl.login.retry.backoff.max.ms = 10000
	sasl.login.retry.backoff.ms = 100
	sasl.mechanism = GSSAPI
	sasl.oauthbearer.clock.skew.seconds = 30
	sasl.oauthbearer.expected.audience = null
	sasl.oauthbearer.expected.issuer = null
	sasl.oauthbearer.jwks.endpoint.refresh.ms = 3600000
	sasl.oauthbearer.jwks.endpoint.retry.backoff.max.ms = 10000
	sasl.oauthbearer.jwks.endpoint.retry.backoff.ms = 100
	sasl.oauthbearer.jwks.endpoint.url = null
	sasl.oauthbearer.scope.claim.name = scope
	sasl.oauthbearer.sub.claim.name = sub
	sasl.oauthbearer.token.endpoint.url = null
	security.protocol = PLAINTEXT
	security.providers = null
	send.buffer.bytes = 131072
	session.timeout.ms = 45000
	socket.connection.setup.timeout.max.ms = 30000
	socket.connection.setup.timeout.ms = 10000
	ssl.cipher.suites = null
	ssl.enabled.protocols = [TLSv1.2, TLSv1.3]
	ssl.endpoint.identification.algorithm = https
	ssl.engine.factory.class = null
	ssl.key.password = null
	ssl.keymanager.algorithm = SunX509
	ssl.keystore.certificate.chain = null
	ssl.keystore.key = null
	ssl.keystore.location = null
	ssl.keystore.password = null
	ssl.keystore.type = JKS
	ssl.protocol = TLSv1.3
	ssl.provider = null
	ssl.secure.random.implementation = null
	ssl.trustmanager.algorithm = PKIX
	ssl.truststore.certificates = null
	ssl.truststore.location = null
	ssl.truststore.password = null
	ssl.truststore.type = JKS
	value.deserializer = class org.apache.kafka.common.serialization.StringDeserializer

2024-12-29T16:46:34.761+01:00  INFO 10004 --- [messaging-service] [           main] o.a.k.c.t.i.KafkaMetricsCollector        : initializing Kafka metrics collector
2024-12-29T16:46:35.057+01:00  INFO 10004 --- [messaging-service] [           main] o.a.kafka.common.utils.AppInfoParser     : Kafka version: 3.8.1
2024-12-29T16:46:35.060+01:00  INFO 10004 --- [messaging-service] [           main] o.a.kafka.common.utils.AppInfoParser     : Kafka commitId: 70d6ff42debf7e17
2024-12-29T16:46:35.060+01:00  INFO 10004 --- [messaging-service] [           main] o.a.kafka.common.utils.AppInfoParser     : Kafka startTimeMs: 1735487195054
2024-12-29T16:46:35.067+01:00  INFO 10004 --- [messaging-service] [           main] o.a.k.c.c.internals.LegacyKafkaConsumer  : [Consumer clientId=consumer-messagerie-group-1, groupId=messagerie-group] Subscribed to topic(s): sms-topic
2024-12-29T16:46:35.087+01:00  INFO 10004 --- [messaging-service] [           main] o.a.k.clients.consumer.ConsumerConfig    : ConsumerConfig values: 
	allow.auto.create.topics = true
	auto.commit.interval.ms = 5000
	auto.include.jmx.reporter = true
	auto.offset.reset = earliest
	bootstrap.servers = [localhost:9092]
	check.crcs = true
	client.dns.lookup = use_all_dns_ips
	client.id = consumer-messagerie-group-2
	client.rack = 
	connections.max.idle.ms = 540000
	default.api.timeout.ms = 60000
	enable.auto.commit = false
	enable.metrics.push = true
	exclude.internal.topics = true
	fetch.max.bytes = 52428800
	fetch.max.wait.ms = 500
	fetch.min.bytes = 1
	group.id = messagerie-group
	group.instance.id = null
	group.protocol = classic
	group.remote.assignor = null
	heartbeat.interval.ms = 3000
	interceptor.classes = []
	internal.leave.group.on.close = true
	internal.throw.on.fetch.stable.offset.unsupported = false
	isolation.level = read_uncommitted
	key.deserializer = class org.apache.kafka.common.serialization.StringDeserializer
	max.partition.fetch.bytes = 1048576
	max.poll.interval.ms = 300000
	max.poll.records = 500
	metadata.max.age.ms = 300000
	metadata.recovery.strategy = none
	metric.reporters = []
	metrics.num.samples = 2
	metrics.recording.level = INFO
	metrics.sample.window.ms = 30000
	partition.assignment.strategy = [class org.apache.kafka.clients.consumer.RangeAssignor, class org.apache.kafka.clients.consumer.CooperativeStickyAssignor]
	receive.buffer.bytes = 65536
	reconnect.backoff.max.ms = 1000
	reconnect.backoff.ms = 50
	request.timeout.ms = 30000
	retry.backoff.max.ms = 1000
	retry.backoff.ms = 100
	sasl.client.callback.handler.class = null
	sasl.jaas.config = null
	sasl.kerberos.kinit.cmd = /usr/bin/kinit
	sasl.kerberos.min.time.before.relogin = 60000
	sasl.kerberos.service.name = null
	sasl.kerberos.ticket.renew.jitter = 0.05
	sasl.kerberos.ticket.renew.window.factor = 0.8
	sasl.login.callback.handler.class = null
	sasl.login.class = null
	sasl.login.connect.timeout.ms = null
	sasl.login.read.timeout.ms = null
	sasl.login.refresh.buffer.seconds = 300
	sasl.login.refresh.min.period.seconds = 60
	sasl.login.refresh.window.factor = 0.8
	sasl.login.refresh.window.jitter = 0.05
	sasl.login.retry.backoff.max.ms = 10000
	sasl.login.retry.backoff.ms = 100
	sasl.mechanism = GSSAPI
	sasl.oauthbearer.clock.skew.seconds = 30
	sasl.oauthbearer.expected.audience = null
	sasl.oauthbearer.expected.issuer = null
	sasl.oauthbearer.jwks.endpoint.refresh.ms = 3600000
	sasl.oauthbearer.jwks.endpoint.retry.backoff.max.ms = 10000
	sasl.oauthbearer.jwks.endpoint.retry.backoff.ms = 100
	sasl.oauthbearer.jwks.endpoint.url = null
	sasl.oauthbearer.scope.claim.name = scope
	sasl.oauthbearer.sub.claim.name = sub
	sasl.oauthbearer.token.endpoint.url = null
	security.protocol = PLAINTEXT
	security.providers = null
	send.buffer.bytes = 131072
	session.timeout.ms = 45000
	socket.connection.setup.timeout.max.ms = 30000
	socket.connection.setup.timeout.ms = 10000
	ssl.cipher.suites = null
	ssl.enabled.protocols = [TLSv1.2, TLSv1.3]
	ssl.endpoint.identification.algorithm = https
	ssl.engine.factory.class = null
	ssl.key.password = null
	ssl.keymanager.algorithm = SunX509
	ssl.keystore.certificate.chain = null
	ssl.keystore.key = null
	ssl.keystore.location = null
	ssl.keystore.password = null
	ssl.keystore.type = JKS
	ssl.protocol = TLSv1.3
	ssl.provider = null
	ssl.secure.random.implementation = null
	ssl.trustmanager.algorithm = PKIX
	ssl.truststore.certificates = null
	ssl.truststore.location = null
	ssl.truststore.password = null
	ssl.truststore.type = JKS
	value.deserializer = class org.apache.kafka.common.serialization.StringDeserializer

2024-12-29T16:46:35.089+01:00  INFO 10004 --- [messaging-service] [           main] o.a.k.c.t.i.KafkaMetricsCollector        : initializing Kafka metrics collector
2024-12-29T16:46:35.106+01:00  INFO 10004 --- [messaging-service] [           main] o.a.kafka.common.utils.AppInfoParser     : Kafka version: 3.8.1
2024-12-29T16:46:35.107+01:00  INFO 10004 --- [messaging-service] [           main] o.a.kafka.common.utils.AppInfoParser     : Kafka commitId: 70d6ff42debf7e17
2024-12-29T16:46:35.108+01:00  INFO 10004 --- [messaging-service] [           main] o.a.kafka.common.utils.AppInfoParser     : Kafka startTimeMs: 1735487195106
2024-12-29T16:46:35.109+01:00  INFO 10004 --- [messaging-service] [           main] o.a.k.c.c.internals.LegacyKafkaConsumer  : [Consumer clientId=consumer-messagerie-group-2, groupId=messagerie-group] Subscribed to topic(s): email-topic
2024-12-29T16:46:35.119+01:00  INFO 10004 --- [messaging-service] [           main] o.e.m.MessagingServiceApplicationTests   : Started MessagingServiceApplicationTests in 3.948 seconds (process running for 6.299)
2024-12-29T16:46:35.579+01:00  INFO 10004 --- [messaging-service] [ntainer#1-0-C-1] org.apache.kafka.clients.NetworkClient   : [Consumer clientId=consumer-messagerie-group-2, groupId=messagerie-group] Node -1 disconnected.
2024-12-29T16:46:35.579+01:00  INFO 10004 --- [messaging-service] [ntainer#0-0-C-1] org.apache.kafka.clients.NetworkClient   : [Consumer clientId=consumer-messagerie-group-1, groupId=messagerie-group] Node -1 disconnected.
2024-12-29T16:46:35.583+01:00  WARN 10004 --- [messaging-service] [ntainer#0-0-C-1] org.apache.kafka.clients.NetworkClient   : [Consumer clientId=consumer-messagerie-group-1, groupId=messagerie-group] Connection to node -1 (localhost/127.0.0.1:9092) could not be established. Node may not be available.
2024-12-29T16:46:35.583+01:00  WARN 10004 --- [messaging-service] [ntainer#1-0-C-1] org.apache.kafka.clients.NetworkClient   : [Consumer clientId=consumer-messagerie-group-2, groupId=messagerie-group] Connection to node -1 (localhost/127.0.0.1:9092) could not be established. Node may not be available.
2024-12-29T16:46:35.584+01:00  WARN 10004 --- [messaging-service] [ntainer#0-0-C-1] org.apache.kafka.clients.NetworkClient   : [Consumer clientId=consumer-messagerie-group-1, groupId=messagerie-group] Bootstrap broker localhost:9092 (id: -1 rack: null) disconnected
2024-12-29T16:46:35.584+01:00  WARN 10004 --- [messaging-service] [ntainer#1-0-C-1] org.apache.kafka.clients.NetworkClient   : [Consumer clientId=consumer-messagerie-group-2, groupId=messagerie-group] Bootstrap broker localhost:9092 (id: -1 rack: null) disconnected
2024-12-29T16:46:35.676+01:00  INFO 10004 --- [messaging-service] [ntainer#0-0-C-1] org.apache.kafka.clients.NetworkClient   : [Consumer clientId=consumer-messagerie-group-1, groupId=messagerie-group] Node -1 disconnected.
2024-12-29T16:46:35.676+01:00  WARN 10004 --- [messaging-service] [ntainer#0-0-C-1] org.apache.kafka.clients.NetworkClient   : [Consumer clientId=consumer-messagerie-group-1, groupId=messagerie-group] Connection to node -1 (localhost/127.0.0.1:9092) could not be established. Node may not be available.
2024-12-29T16:46:35.676+01:00  WARN 10004 --- [messaging-service] [ntainer#0-0-C-1] org.apache.kafka.clients.NetworkClient   : [Consumer clientId=consumer-messagerie-group-1, groupId=messagerie-group] Bootstrap broker localhost:9092 (id: -1 rack: null) disconnected
2024-12-29T16:46:35.683+01:00  INFO 10004 --- [messaging-service] [ntainer#1-0-C-1] org.apache.kafka.clients.NetworkClient   : [Consumer clientId=consumer-messagerie-group-2, groupId=messagerie-group] Node -1 disconnected.
2024-12-29T16:46:35.684+01:00  WARN 10004 --- [messaging-service] [ntainer#1-0-C-1] org.apache.kafka.clients.NetworkClient   : [Consumer clientId=consumer-messagerie-group-2, groupId=messagerie-group] Connection to node -1 (localhost/127.0.0.1:9092) could not be established. Node may not be available.
2024-12-29T16:46:35.684+01:00  WARN 10004 --- [messaging-service] [ntainer#1-0-C-1] org.apache.kafka.clients.NetworkClient   : [Consumer clientId=consumer-messagerie-group-2, groupId=messagerie-group] Bootstrap broker localhost:9092 (id: -1 rack: null) disconnected
2024-12-29T16:46:35.783+01:00  INFO 10004 --- [messaging-service] [ntainer#0-0-C-1] org.apache.kafka.clients.NetworkClient   : [Consumer clientId=consumer-messagerie-group-1, groupId=messagerie-group] Node -1 disconnected.
2024-12-29T16:46:35.784+01:00  WARN 10004 --- [messaging-service] [ntainer#0-0-C-1] org.apache.kafka.clients.NetworkClient   : [Consumer clientId=consumer-messagerie-group-1, groupId=messagerie-group] Connection to node -1 (localhost/127.0.0.1:9092) could not be established. Node may not be available.
2024-12-29T16:46:35.784+01:00  WARN 10004 --- [messaging-service] [ntainer#0-0-C-1] org.apache.kafka.clients.NetworkClient   : [Consumer clientId=consumer-messagerie-group-1, groupId=messagerie-group] Bootstrap broker localhost:9092 (id: -1 rack: null) disconnected
2024-12-29T16:46:35.799+01:00  INFO 10004 --- [messaging-service] [ntainer#1-0-C-1] org.apache.kafka.clients.NetworkClient   : [Consumer clientId=consumer-messagerie-group-2, groupId=messagerie-group] Node -1 disconnected.
2024-12-29T16:46:35.800+01:00  WARN 10004 --- [messaging-service] [ntainer#1-0-C-1] org.apache.kafka.clients.NetworkClient   : [Consumer clientId=consumer-messagerie-group-2, groupId=messagerie-group] Connection to node -1 (localhost/127.0.0.1:9092) could not be established. Node may not be available.
2024-12-29T16:46:35.800+01:00  WARN 10004 --- [messaging-service] [ntainer#1-0-C-1] org.apache.kafka.clients.NetworkClient   : [Consumer clientId=consumer-messagerie-group-2, groupId=messagerie-group] Bootstrap broker localhost:9092 (id: -1 rack: null) disconnected
2024-12-29T16:46:35.985+01:00  INFO 10004 --- [messaging-service] [ntainer#0-0-C-1] org.apache.kafka.clients.NetworkClient   : [Consumer clientId=consumer-messagerie-group-1, groupId=messagerie-group] Node -1 disconnected.
2024-12-29T16:46:35.985+01:00  WARN 10004 --- [messaging-service] [ntainer#0-0-C-1] org.apache.kafka.clients.NetworkClient   : [Consumer clientId=consumer-messagerie-group-1, groupId=messagerie-group] Connection to node -1 (localhost/127.0.0.1:9092) could not be established. Node may not be available.
2024-12-29T16:46:35.986+01:00  WARN 10004 --- [messaging-service] [ntainer#0-0-C-1] org.apache.kafka.clients.NetworkClient   : [Consumer clientId=consumer-messagerie-group-1, groupId=messagerie-group] Bootstrap broker localhost:9092 (id: -1 rack: null) disconnected
2024-12-29T16:46:36.032+01:00  INFO 10004 --- [messaging-service] [ntainer#1-0-C-1] org.apache.kafka.clients.NetworkClient   : [Consumer clientId=consumer-messagerie-group-2, groupId=messagerie-group] Node -1 disconnected.
2024-12-29T16:46:36.032+01:00  WARN 10004 --- [messaging-service] [ntainer#1-0-C-1] org.apache.kafka.clients.NetworkClient   : [Consumer clientId=consumer-messagerie-group-2, groupId=messagerie-group] Connection to node -1 (localhost/127.0.0.1:9092) could not be established. Node may not be available.
2024-12-29T16:46:36.033+01:00  WARN 10004 --- [messaging-service] [ntainer#1-0-C-1] org.apache.kafka.clients.NetworkClient   : [Consumer clientId=consumer-messagerie-group-2, groupId=messagerie-group] Bootstrap broker localhost:9092 (id: -1 rack: null) disconnected
2024-12-29T16:46:36.415+01:00  INFO 10004 --- [messaging-service] [ntainer#0-0-C-1] org.apache.kafka.clients.NetworkClient   : [Consumer clientId=consumer-messagerie-group-1, groupId=messagerie-group] Node -1 disconnected.
2024-12-29T16:46:36.415+01:00  WARN 10004 --- [messaging-service] [ntainer#0-0-C-1] org.apache.kafka.clients.NetworkClient   : [Consumer clientId=consumer-messagerie-group-1, groupId=messagerie-group] Connection to node -1 (localhost/127.0.0.1:9092) could not be established. Node may not be available.
2024-12-29T16:46:36.415+01:00  WARN 10004 --- [messaging-service] [ntainer#0-0-C-1] org.apache.kafka.clients.NetworkClient   : [Consumer clientId=consumer-messagerie-group-1, groupId=messagerie-group] Bootstrap broker localhost:9092 (id: -1 rack: null) disconnected
2024-12-29T16:46:36.489+01:00  INFO 10004 --- [messaging-service] [ntainer#1-0-C-1] org.apache.kafka.clients.NetworkClient   : [Consumer clientId=consumer-messagerie-group-2, groupId=messagerie-group] Node -1 disconnected.
2024-12-29T16:46:36.490+01:00  WARN 10004 --- [messaging-service] [ntainer#1-0-C-1] org.apache.kafka.clients.NetworkClient   : [Consumer clientId=consumer-messagerie-group-2, groupId=messagerie-group] Connection to node -1 (localhost/127.0.0.1:9092) could not be established. Node may not be available.
2024-12-29T16:46:36.490+01:00  WARN 10004 --- [messaging-service] [ntainer#1-0-C-1] org.apache.kafka.clients.NetworkClient   : [Consumer clientId=consumer-messagerie-group-2, groupId=messagerie-group] Bootstrap broker localhost:9092 (id: -1 rack: null) disconnected
]]></system-out>
    <system-err><![CDATA[Dec 29, 2024 4:46:29 PM org.junit.platform.launcher.core.LauncherConfigurationParameters loadClasspathResource
WARNING: Discovered 3 'junit-platform.properties' configuration files on the classpath (see below); only the first (*) will be used.
- jar:file:/C:/Users/Oussama/.m2/repository/org/apache/kafka/kafka-clients/3.8.1/kafka-clients-3.8.1-test.jar!/junit-platform.properties (*)
- jar:file:/C:/Users/Oussama/.m2/repository/org/apache/kafka/kafka-server-common/3.8.1/kafka-server-common-3.8.1-test.jar!/junit-platform.properties
- jar:file:/C:/Users/Oussama/.m2/repository/org/apache/kafka/kafka_2.13/3.8.1/kafka_2.13-3.8.1-test.jar!/junit-platform.properties
Dec 29, 2024 4:46:29 PM org.junit.platform.launcher.core.LauncherConfigurationParameters loadClasspathResource
WARNING: Discovered 3 'junit-platform.properties' configuration files on the classpath (see below); only the first (*) will be used.
- jar:file:/C:/Users/Oussama/.m2/repository/org/apache/kafka/kafka-clients/3.8.1/kafka-clients-3.8.1-test.jar!/junit-platform.properties (*)
- jar:file:/C:/Users/Oussama/.m2/repository/org/apache/kafka/kafka-server-common/3.8.1/kafka-server-common-3.8.1-test.jar!/junit-platform.properties
- jar:file:/C:/Users/Oussama/.m2/repository/org/apache/kafka/kafka_2.13/3.8.1/kafka_2.13-3.8.1-test.jar!/junit-platform.properties
Dec 29, 2024 4:46:30 PM org.junit.platform.launcher.core.LauncherConfigurationParameters loadClasspathResource
WARNING: Discovered 3 'junit-platform.properties' configuration files on the classpath (see below); only the first (*) will be used.
- jar:file:/C:/Users/Oussama/.m2/repository/org/apache/kafka/kafka-clients/3.8.1/kafka-clients-3.8.1-test.jar!/junit-platform.properties (*)
- jar:file:/C:/Users/Oussama/.m2/repository/org/apache/kafka/kafka-server-common/3.8.1/kafka-server-common-3.8.1-test.jar!/junit-platform.properties
- jar:file:/C:/Users/Oussama/.m2/repository/org/apache/kafka/kafka_2.13/3.8.1/kafka_2.13-3.8.1-test.jar!/junit-platform.properties
]]></system-err>
  </testcase>
</testsuite>